# JRE version: OpenJDK Runtime Environment Temurin-21.0.12.1+1 (21.0.12.1+1) (build 21.0.12.1+1-LTS)
# Java VM: OpenJDK 64-Bit Server VM Temurin-21.0.12.1+1 (21.0.12.1+1-LTS, mixed mode, sharing, tiered, compressed oops, compressed class ptrs, parallel gc, windows-amd64)
GC Precious Log:
 CardTable entry size: 512
 CPUs: 16 total, 16 available
 Memory: 7545M
 Large Page Support: Disabled
 NUMA Support: Disabled
 Compressed Oops: Enabled (32-bit)
 Alignments: Space 512K, Generation 512K, Heap 2M
 Heap Min Capacity: 100M
 Heap Initial Capacity: 100M
 Heap Max Capacity: 2G
 Pre-touch: Disabled
 Parallel Workers: 13
Heap:
 PSYoungGen      total 3072K, used 2512K [0x00000000d5580000, 0x00000000d5a00000, 0x0000000100000000)
  eden space 2560K, 81% used [0x00000000d5580000,0x00000000d578c0f8,0x00000000d5800000)
  from space 512K, 81% used [0x00000000d5980000,0x00000000d59e8000,0x00000000d5a00000)
  to   space 512K, 0% used [0x00000000d5900000,0x00000000d5900000,0x00000000d5980000)
 ParOldGen       total 513024K, used 512950K [0x0000000080000000, 0x000000009f500000, 0x00000000d5580000)
  object space 513024K, 99% used [0x0000000080000000,0x000000009f4ed978,0x000000009f500000)
 Metaspace       used 74480K, committed 76160K, reserved 1179648K
  class space    used 7739K, committed 8384K, reserved 1048576K
GC Heap History (20 events):
Event: 93.383 GC heap before
{Heap before GC invocations=862 (full 3):
 PSYoungGen      total 3072K, used 2976K [0x00000000d5580000, 0x00000000d5980000, 0x0000000100000000)
  eden space 2560K, 100% used [0x00000000d5580000,0x00000000d5800000,0x00000000d5800000)
  from space 512K, 81% used [0x00000000d5900000,0x00000000d5968000,0x00000000d5980000)
  to   space 512K, 0% used [0x00000000d5800000,0x00000000d5800000,0x00000000d5880000)
 ParOldGen       total 502784K, used 502513K [0x0000000080000000, 0x000000009eb00000, 0x00000000d5580000)
  object space 502784K, 99% used [0x0000000080000000,0x000000009eabc658,0x000000009eb00000)
 Metaspace       used 73763K, committed 75392K, reserved 1179648K
  class space    used 7656K, committed 8320K, reserved 1048576K
}
Event: 93.385 GC heap after
{Heap after GC invocations=862 (full 3):
 PSYoungGen      total 3072K, used 416K [0x00000000d5580000, 0x00000000d5980000, 0x0000000100000000)
  eden space 2560K, 0% used [0x00000000d5580000,0x00000000d5580000,0x00000000d5800000)
  from space 512K, 81% used [0x00000000d5800000,0x00000000d5868000,0x00000000d5880000)
  to   space 512K, 0% used [0x00000000d5900000,0x00000000d5900000,0x00000000d5980000)
 ParOldGen       total 502784K, used 502657K [0x0000000080000000, 0x000000009eb00000, 0x00000000d5580000)
  object space 502784K, 99% used [0x0000000080000000,0x000000009eae0668,0x000000009eb00000)
 Metaspace       used 73763K, committed 75392K, reserved 1179648K
  class space    used 7656K, committed 8320K, reserved 1048576K
}
Event: 97.777 GC heap before
{Heap before GC invocations=863 (full 3):
 PSYoungGen      total 3072K, used 2976K [0x00000000d5580000, 0x00000000d5980000, 0x0000000100000000)
  eden space 2560K, 100% used [0x00000000d5580000,0x00000000d5800000,0x00000000d5800000)
  from space 512K, 81% used [0x00000000d5800000,0x00000000d5868000,0x00000000d5880000)
  to   space 512K, 0% used [0x00000000d5900000,0x00000000d5900000,0x00000000d5980000)
 ParOldGen       total 502784K, used 502657K [0x0000000080000000, 0x000000009eb00000, 0x00000000d5580000)
  object space 502784K, 99% used [0x0000000080000000,0x000000009eae0668,0x000000009eb00000)
 Metaspace       used 73875K, committed 75520K, reserved 1179648K
  class space    used 7670K, committed 8320K, reserved 1048576K
}
Event: 97.780 GC heap after
{Heap after GC invocations=863 (full 3):
 PSYoungGen      total 3072K, used 442K [0x00000000d5580000, 0x00000000d5980000, 0x0000000100000000)
  eden space 2560K, 0% used [0x00000000d5580000,0x00000000d5580000,0x00000000d5800000)
  from space 512K, 86% used [0x00000000d5900000,0x00000000d596e900,0x00000000d5980000)
  to   space 512K, 0% used [0x00000000d5800000,0x00000000d5800000,0x00000000d5880000)
 ParOldGen       total 503296K, used 502785K [0x0000000080000000, 0x000000009eb80000, 0x00000000d5580000)
  object space 503296K, 99% used [0x0000000080000000,0x000000009eb00668,0x000000009eb80000)
 Metaspace       used 73875K, committed 75520K, reserved 1179648K
  class space    used 7670K, committed 8320K, reserved 1048576K
}
Event: 97.816 GC heap before
{Heap before GC invocations=864 (full 3):
 PSYoungGen      total 3072K, used 2787K [0x00000000d5580000, 0x00000000d5980000, 0x0000000100000000)
  eden space 2560K, 91% used [0x00000000d5580000,0x00000000d57ca4b8,0x00000000d5800000)
  from space 512K, 86% used [0x00000000d5900000,0x00000000d596e900,0x00000000d5980000)
  to   space 512K, 0% used [0x00000000d5800000,0x00000000d5800000,0x00000000d5880000)
 ParOldGen       total 503296K, used 502785K [0x0000000080000000, 0x000000009eb80000, 0x00000000d5580000)
  object space 503296K, 99% used [0x0000000080000000,0x000000009eb00668,0x000000009eb80000)
 Metaspace       used 73881K, committed 75520K, reserved 1179648K
  class space    used 7670K, committed 8320K, reserved 1048576K
}
Event: 97.819 GC heap after
{Heap after GC invocations=864 (full 3):
 PSYoungGen      total 3072K, used 509K [0x00000000d5580000, 0x00000000d5d00000, 0x0000000100000000)
  eden space 2560K, 0% used [0x00000000d5580000,0x00000000d5580000,0x00000000d5800000)
  from space 512K, 99% used [0x00000000d5800000,0x00000000d587f568,0x00000000d5880000)
  to   space 2560K, 0% used [0x00000000d5a80000,0x00000000d5a80000,0x00000000d5d00000)
 ParOldGen       total 504320K, used 504091K [0x0000000080000000, 0x000000009ec80000, 0x00000000d5580000)
  object space 504320K, 99% used [0x0000000080000000,0x000000009ec46d20,0x000000009ec80000)
 Metaspace       used 73881K, committed 75520K, reserved 1179648K
  class space    used 7670K, committed 8320K, reserved 1048576K
}
Event: 97.843 GC heap before
{Heap before GC invocations=865 (full 3):
 PSYoungGen      total 3072K, used 3044K [0x00000000d5580000, 0x00000000d5d00000, 0x0000000100000000)
  eden space 2560K, 99% used [0x00000000d5580000,0x00000000d57f9dd0,0x00000000d5800000)
  from space 512K, 99% used [0x00000000d5800000,0x00000000d587f568,0x00000000d5880000)
  to   space 2560K, 0% used [0x00000000d5a80000,0x00000000d5a80000,0x00000000d5d00000)
 ParOldGen       total 504320K, used 504091K [0x0000000080000000, 0x000000009ec80000, 0x00000000d5580000)
  object space 504320K, 99% used [0x0000000080000000,0x000000009ec46d20,0x000000009ec80000)
 Metaspace       used 73881K, committed 75520K, reserved 1179648K
  class space    used 7670K, committed 8320K, reserved 1048576K
}
Event: 97.846 GC heap after
{Heap after GC invocations=865 (full 3):
 PSYoungGen      total 5120K, used 2368K [0x00000000d5580000, 0x00000000d5d00000, 0x0000000100000000)
  eden space 2560K, 0% used [0x00000000d5580000,0x00000000d5580000,0x00000000d5800000)
  from space 2560K, 92% used [0x00000000d5a80000,0x00000000d5cd0220,0x00000000d5d00000)
  to   space 2560K, 0% used [0x00000000d5800000,0x00000000d5800000,0x00000000d5a80000)
 ParOldGen       total 504832K, used 504651K [0x0000000080000000, 0x000000009ed00000, 0x00000000d5580000)
  object space 504832K, 99% used [0x0000000080000000,0x000000009ecd2c18,0x000000009ed00000)
 Metaspace       used 73881K, committed 75520K, reserved 1179648K
  class space    used 7670K, committed 8320K, reserved 1048576K
}
Event: 97.877 GC heap before
{Heap before GC invocations=866 (full 3):
 PSYoungGen      total 5120K, used 4844K [0x00000000d5580000, 0x00000000d5d00000, 0x0000000100000000)
  eden space 2560K, 96% used [0x00000000d5580000,0x00000000d57eb158,0x00000000d5800000)
  from space 2560K, 92% used [0x00000000d5a80000,0x00000000d5cd0220,0x00000000d5d00000)
  to   space 2560K, 0% used [0x00000000d5800000,0x00000000d5800000,0x00000000d5a80000)
 ParOldGen       total 504832K, used 504651K [0x0000000080000000, 0x000000009ed00000, 0x00000000d5580000)
  object space 504832K, 99% used [0x0000000080000000,0x000000009ecd2c18,0x000000009ed00000)
 Metaspace       used 73883K, committed 75520K, reserved 1179648K
  class space    used 7670K, committed 8320K, reserved 1048576K
}
Event: 97.881 GC heap after
{Heap after GC invocations=866 (full 3):
 PSYoungGen      total 5120K, used 2256K [0x00000000d5580000, 0x00000000d5d00000, 0x0000000100000000)
  eden space 2560K, 0% used [0x00000000d5580000,0x00000000d5580000,0x00000000d5800000)
  from space 2560K, 88% used [0x00000000d5800000,0x00000000d5a34000,0x00000000d5a80000)
  to   space 2560K, 0% used [0x00000000d5a80000,0x00000000d5a80000,0x00000000d5d00000)
 ParOldGen       total 506880K, used 506844K [0x0000000080000000, 0x000000009ef00000, 0x00000000d5580000)
  object space 506880K, 99% used [0x0000000080000000,0x000000009eef7128,0x000000009ef00000)
 Metaspace       used 73883K, committed 75520K, reserved 1179648K
  class space    used 7670K, committed 8320K, reserved 1048576K
}
Event: 97.935 GC heap before
{Heap before GC invocations=867 (full 3):
 PSYoungGen      total 5120K, used 4816K [0x00000000d5580000, 0x00000000d5d00000, 0x0000000100000000)
  eden space 2560K, 100% used [0x00000000d5580000,0x00000000d5800000,0x00000000d5800000)
  from space 2560K, 88% used [0x00000000d5800000,0x00000000d5a34000,0x00000000d5a80000)
  to   space 2560K, 0% used [0x00000000d5a80000,0x00000000d5a80000,0x00000000d5d00000)
 ParOldGen       total 506880K, used 506844K [0x0000000080000000, 0x000000009ef00000, 0x00000000d5580000)
  object space 506880K, 99% used [0x0000000080000000,0x000000009eef7128,0x000000009ef00000)
 Metaspace       used 73883K, committed 75520K, reserved 1179648K
  class space    used 7670K, committed 8320K, reserved 1048576K
}
Event: 97.939 GC heap after
{Heap after GC invocations=867 (full 3):
 PSYoungGen      total 5120K, used 2376K [0x00000000d5580000, 0x00000000d5d00000, 0x0000000100000000)
  eden space 2560K, 0% used [0x00000000d5580000,0x00000000d5580000,0x00000000d5800000)
  from space 2560K, 92% used [0x00000000d5a80000,0x00000000d5cd20d8,0x00000000d5d00000)
  to   space 2560K, 0% used [0x00000000d5800000,0x00000000d5800000,0x00000000d5a80000)
 ParOldGen       total 509440K, used 508974K [0x0000000080000000, 0x000000009f180000, 0x00000000d5580000)
  object space 509440K, 99% used [0x0000000080000000,0x000000009f10b8f8,0x000000009f180000)
 Metaspace       used 73883K, committed 75520K, reserved 1179648K
  class space    used 7670K, committed 8320K, reserved 1048576K
}
Event: 98.007 GC heap before
{Heap before GC invocations=868 (full 3):
 PSYoungGen      total 5120K, used 4936K [0x00000000d5580000, 0x00000000d5d00000, 0x0000000100000000)
  eden space 2560K, 100% used [0x00000000d5580000,0x00000000d5800000,0x00000000d5800000)
  from space 2560K, 92% used [0x00000000d5a80000,0x00000000d5cd20d8,0x00000000d5d00000)
  to   space 2560K, 0% used [0x00000000d5800000,0x00000000d5800000,0x00000000d5a80000)
 ParOldGen       total 509440K, used 508974K [0x0000000080000000, 0x000000009f180000, 0x00000000d5580000)
  object space 509440K, 99% used [0x0000000080000000,0x000000009f10b8f8,0x000000009f180000)
 Metaspace       used 73967K, committed 75648K, reserved 1179648K
  class space    used 7694K, committed 8384K, reserved 1048576K
}
Event: 98.012 GC heap after
{Heap after GC invocations=868 (full 3):
 PSYoungGen      total 4096K, used 1172K [0x00000000d5580000, 0x00000000d5c00000, 0x0000000100000000)
  eden space 2560K, 0% used [0x00000000d5580000,0x00000000d5580000,0x00000000d5800000)
  from space 1536K, 76% used [0x00000000d5800000,0x00000000d59252f8,0x00000000d5980000)
  to   space 2048K, 0% used [0x00000000d5a00000,0x00000000d5a00000,0x00000000d5c00000)
 ParOldGen       total 511488K, used 511175K [0x0000000080000000, 0x000000009f380000, 0x00000000d5580000)
  object space 511488K, 99% used [0x0000000080000000,0x000000009f331d50,0x000000009f380000)
 Metaspace       used 73967K, committed 75648K, reserved 1179648K
  class space    used 7694K, committed 8384K, reserved 1048576K
}
Event: 98.040 GC heap before
{Heap before GC invocations=869 (full 3):
 PSYoungGen      total 4096K, used 3712K [0x00000000d5580000, 0x00000000d5c00000, 0x0000000100000000)
  eden space 2560K, 99% used [0x00000000d5580000,0x00000000d57fb098,0x00000000d5800000)
  from space 1536K, 76% used [0x00000000d5800000,0x00000000d59252f8,0x00000000d5980000)
  to   space 2048K, 0% used [0x00000000d5a00000,0x00000000d5a00000,0x00000000d5c00000)
 ParOldGen       total 511488K, used 511175K [0x0000000080000000, 0x000000009f380000, 0x00000000d5580000)
  object space 511488K, 99% used [0x0000000080000000,0x000000009f331d50,0x000000009f380000)
 Metaspace       used 73977K, committed 75648K, reserved 1179648K
  class space    used 7694K, committed 8384K, reserved 1048576K
}
Event: 98.043 GC heap after
{Heap after GC invocations=869 (full 3):
 PSYoungGen      total 3584K, used 864K [0x00000000d5580000, 0x00000000d5b00000, 0x0000000100000000)
  eden space 2560K, 0% used [0x00000000d5580000,0x00000000d5580000,0x00000000d5800000)
  from space 1024K, 84% used [0x00000000d5a00000,0x00000000d5ad8010,0x00000000d5b00000)
  to   space 1536K, 0% used [0x00000000d5800000,0x00000000d5800000,0x00000000d5980000)
 ParOldGen       total 512512K, used 512190K [0x0000000080000000, 0x000000009f480000, 0x00000000d5580000)
  object space 512512K, 99% used [0x0000000080000000,0x000000009f42f978,0x000000009f480000)
 Metaspace       used 73977K, committed 75648K, reserved 1179648K
  class space    used 7694K, committed 8384K, reserved 1048576K
}
Event: 98.218 GC heap before
{Heap before GC invocations=870 (full 3):
 PSYoungGen      total 3584K, used 3424K [0x00000000d5580000, 0x00000000d5b00000, 0x0000000100000000)
  eden space 2560K, 99% used [0x00000000d5580000,0x00000000d57ffff8,0x00000000d5800000)
  from space 1024K, 84% used [0x00000000d5a00000,0x00000000d5ad8010,0x00000000d5b00000)
  to   space 1536K, 0% used [0x00000000d5800000,0x00000000d5800000,0x00000000d5980000)
 ParOldGen       total 512512K, used 512190K [0x0000000080000000, 0x000000009f480000, 0x00000000d5580000)
  object space 512512K, 99% used [0x0000000080000000,0x000000009f42f978,0x000000009f480000)
 Metaspace       used 73984K, committed 75648K, reserved 1179648K
  class space    used 7695K, committed 8384K, reserved 1048576K
}
Event: 98.220 GC heap after
{Heap after GC invocations=870 (full 3):
 PSYoungGen      total 4096K, used 576K [0x00000000d5580000, 0x00000000d5a80000, 0x0000000100000000)
  eden space 2560K, 0% used [0x00000000d5580000,0x00000000d5580000,0x00000000d5800000)
  from space 1536K, 37% used [0x00000000d5800000,0x00000000d5890000,0x00000000d5980000)
  to   space 1024K, 0% used [0x00000000d5980000,0x00000000d5980000,0x00000000d5a80000)
 ParOldGen       total 513024K, used 512598K [0x0000000080000000, 0x000000009f500000, 0x00000000d5580000)
  object space 513024K, 99% used [0x0000000080000000,0x000000009f495978,0x000000009f500000)
 Metaspace       used 73984K, committed 75648K, reserved 1179648K
  class space    used 7695K, committed 8384K, reserved 1048576K
}
Event: 313.788 GC heap before
{Heap before GC invocations=871 (full 3):
 PSYoungGen      total 4096K, used 3135K [0x00000000d5580000, 0x00000000d5a80000, 0x0000000100000000)
  eden space 2560K, 99% used [0x00000000d5580000,0x00000000d57fffe0,0x00000000d5800000)
  from space 1536K, 37% used [0x00000000d5800000,0x00000000d5890000,0x00000000d5980000)
  to   space 1024K, 0% used [0x00000000d5980000,0x00000000d5980000,0x00000000d5a80000)
 ParOldGen       total 513024K, used 512598K [0x0000000080000000, 0x000000009f500000, 0x00000000d5580000)
  object space 513024K, 99% used [0x0000000080000000,0x000000009f495978,0x000000009f500000)
 Metaspace       used 74278K, committed 75968K, reserved 1179648K
  class space    used 7722K, committed 8384K, reserved 1048576K
}
Event: 313.833 GC heap after
{Heap after GC invocations=871 (full 3):
 PSYoungGen      total 3072K, used 416K [0x00000000d5580000, 0x00000000d5a00000, 0x0000000100000000)
  eden space 2560K, 0% used [0x00000000d5580000,0x00000000d5580000,0x00000000d5800000)
  from space 512K, 81% used [0x00000000d5980000,0x00000000d59e8000,0x00000000d5a00000)
  to   space 512K, 0% used [0x00000000d5900000,0x00000000d5900000,0x00000000d5980000)
 ParOldGen       total 513024K, used 512950K [0x0000000080000000, 0x000000009f500000, 0x00000000d5580000)
  object space 513024K, 99% used [0x0000000080000000,0x000000009f4ed978,0x000000009f500000)
 Metaspace       used 74278K, committed 75968K, reserved 1179648K
  class space    used 7722K, committed 8384K, reserved 1048576K
}

